<?xml version="1.0" encoding="UTF-8"?>
<!-- Generated by org.testng.reporters.JUnitXMLReporter -->
<testsuite hostname="AA-PC" ignored="0" name="test1" tests="3" failures="0" timestamp="08 Oct 2018 05:27:51 GMT" time="8.184" errors="0">
  <testcase name="launch_browser" time="2.927" classname="framework_testng.Suite_Parameter.Get_Parameters_From_Suite"/>
  <testcase name="loadWebpage" time="3.35" classname="framework_testng.Suite_Parameter.Get_Parameters_From_Suite"/>
  <testcase name="EnterEmail" time="1.838" classname="framework_testng.Suite_Parameter.Get_Parameters_From_Suite"/>
</testsuite> <!-- test1 -->
