<?xml version="1.0" encoding="UTF-8"?>
<!-- Generated by org.testng.reporters.JUnitXMLReporter -->
<testsuite hostname="AA-PC" ignored="3" name="testfirefox" tests="3" failures="0" timestamp="08 Oct 2018 05:56:43 GMT" time="0.076" errors="0">
  <testcase name="tc001" time="0.02" classname="framework_testng.Groups.TestSuite1"/>
  <testcase name="tc002" time="0.001" classname="framework_testng.Groups.TestSuite1"/>
  <testcase name="tc005" time="0.002" classname="framework_testng.Groups.TestSuite2"/>
  <testcase name="tc006" time="0.0" classname="framework_testng.Groups.TestSuite2">
    <ignored/>
  </testcase> <!-- tc006 -->
  <testcase name="tc004" time="0.0" classname="framework_testng.Groups.TestSuite2">
    <ignored/>
  </testcase> <!-- tc004 -->
  <testcase name="tc003" time="0.0" classname="framework_testng.Groups.TestSuite1">
    <ignored/>
  </testcase> <!-- tc003 -->
</testsuite> <!-- testfirefox -->
