<?xml version="1.0" encoding="UTF-8"?>
<!-- Generated by org.testng.reporters.JUnitXMLReporter -->
<testsuite hostname="AA-PC" ignored="0" name="test1" tests="3" failures="0" timestamp="08 Oct 2018 05:49:13 GMT" time="38.118" errors="0">
  <testcase name="launchBrowser" time="13.82" classname="framework_testng.CrossBrowser.CrossBrowser_Test"/>
  <testcase name="loadApp" time="11.169" classname="framework_testng.CrossBrowser.CrossBrowser_Test"/>
  <testcase name="flight_search" time="13.092" classname="framework_testng.CrossBrowser.CrossBrowser_Test"/>
</testsuite> <!-- test1 -->
