<?xml version="1.0" encoding="UTF-8"?>
<!-- Generated by org.testng.reporters.JUnitXMLReporter -->
<testsuite hostname="AA-PC" ignored="0" name="test2" tests="3" failures="0" timestamp="08 Oct 2018 05:48:59 GMT" time="23.313" errors="0">
  <testcase name="launchBrowser" time="3.338" classname="framework_testng.CrossBrowser.CrossBrowser_Test"/>
  <testcase name="loadApp" time="6.912" classname="framework_testng.CrossBrowser.CrossBrowser_Test"/>
  <testcase name="flight_search" time="13.026" classname="framework_testng.CrossBrowser.CrossBrowser_Test"/>
</testsuite> <!-- test2 -->
