<?xml version="1.0" encoding="UTF-8"?>
<!-- Generated by org.testng.reporters.JUnitXMLReporter -->
<testsuite hostname="AA-PC" ignored="0" name="chrome" tests="6" failures="0" timestamp="07 Oct 2018 06:41:04 GMT" time="0.016" errors="0">
  <testcase name="tc001" time="0.0" classname="framework_testng.BeforeTest_and_AfterTest.TestSuite1"/>
  <testcase name="tc002" time="0.0" classname="framework_testng.BeforeTest_and_AfterTest.TestSuite1"/>
  <testcase name="tc003" time="0.0" classname="framework_testng.BeforeTest_and_AfterTest.TestSuite1"/>
  <testcase name="tc004" time="0.0" classname="framework_testng.BeforeTest_and_AfterTest.TestSuite2"/>
  <testcase name="tc005" time="0.0" classname="framework_testng.BeforeTest_and_AfterTest.TestSuite2"/>
  <testcase name="tc006" time="0.0" classname="framework_testng.BeforeTest_and_AfterTest.TestSuite2"/>
</testsuite> <!-- chrome -->
